<?xml version="1.0" encoding="UTF-8"?>
<!-- Generated by org.testng.reporters.JUnitReportReporter -->
<testsuite hostname="SUFIYAN" failures="0" tests="10" name="com.test.InvocationcountTest" time="0.012" errors="0" timestamp="2023-02-05T10:57:04 IST" skipped="0">
  <testcase classname="com.test.InvocationcountTest" name="sum" time="0.001"/>
  <system-out/>
  <testcase classname="com.test.InvocationcountTest" name="sum" time="0.001"/>
  <system-out/>
  <testcase classname="com.test.InvocationcountTest" name="sum" time="0.001"/>
  <system-out/>
  <testcase classname="com.test.InvocationcountTest" name="sum" time="0.001"/>
  <system-out/>
  <testcase classname="com.test.InvocationcountTest" name="sum" time="0.001"/>
  <system-out/>
  <testcase classname="com.test.InvocationcountTest" name="sum" time="0.001"/>
  <system-out/>
  <testcase classname="com.test.InvocationcountTest" name="sum" time="0.002"/>
  <system-out/>
  <testcase classname="com.test.InvocationcountTest" name="sum" time="0.001"/>
  <system-out/>
  <testcase classname="com.test.InvocationcountTest" name="sum" time="0.001"/>
  <system-out/>
  <testcase classname="com.test.InvocationcountTest" name="sum" time="0.002"/>
  <system-out/>
</testsuite> <!-- com.test.InvocationcountTest -->
