<?xml version="1.0" encoding="UTF-8"?>
<!-- Generated by org.testng.reporters.JUnitReportReporter -->
<testsuite hostname="SUFIYAN" failures="0" tests="1" name="com.parameters.parametertest" time="3.464" errors="0" timestamp="2023-02-05T12:00:13 IST" skipped="0">
  <testcase classname="com.parameters.parametertest" name="yahoologinTest" time="3.464"/>
  <system-out/>
</testsuite> <!-- com.parameters.parametertest -->
