<?xml version="1.0" encoding="UTF-8"?>
<!-- Generated by org.testng.reporters.JUnitReportReporter -->
<testsuite hostname="SUFIYAN" failures="0" tests="6" name="com.test.GoogleTest" time="23.393" errors="0" timestamp="2023-02-03T16:35:06 IST" skipped="0">
  <testcase classname="com.test.GoogleTest" name="googletitletest" time="5.558"/>
  <system-out/>
  <testcase classname="com.test.GoogleTest" name="googlelogotest" time="3.307"/>
  <system-out/>
  <testcase classname="com.test.GoogleTest" name="linktest" time="3.686"/>
  <system-out/>
  <testcase classname="com.test.GoogleTest" name="Test2" time="5.554"/>
  <system-out/>
  <testcase classname="com.test.GoogleTest" name="Test1" time="2.670"/>
  <system-out/>
  <testcase classname="com.test.GoogleTest" name="Test3" time="2.618"/>
  <system-out/>
</testsuite> <!-- com.test.GoogleTest -->
