<?xml version="1.0" encoding="UTF-8"?>
<!-- Generated by org.testng.reporters.JUnitReportReporter -->
<testsuite hostname="SUFIYAN" failures="0" tests="4" name="com.test.TestNGfeatures" time="0.005" errors="0" timestamp="2023-02-05T10:57:04 IST" skipped="0">
  <testcase classname="com.test.TestNGfeatures" name="loginTest" time="0.002"/>
  <system-out/>
  <testcase classname="com.test.TestNGfeatures" name="Logout" time="0.001"/>
  <system-out/>
  <testcase classname="com.test.TestNGfeatures" name="Registerpage" time="0.001"/>
  <system-out/>
  <testcase classname="com.test.TestNGfeatures" name="homeoageTest" time="0.001"/>
  <system-out/>
</testsuite> <!-- com.test.TestNGfeatures -->
