<?xml version="1.0" encoding="UTF-8"?>
<!-- Generated by org.testng.reporters.JUnitReportReporter -->
<testsuite hostname="SUFIYAN" failures="0" tests="3" name="com.test.TestNgBasics" time="0.004" errors="0" timestamp="2023-02-05T10:57:04 IST" skipped="0">
  <testcase classname="com.test.TestNgBasics" name="serchtext" time="0.002"/>
  <system-out/>
  <testcase classname="com.test.TestNgBasics" name="googletitle" time="0.001"/>
  <system-out/>
  <testcase classname="com.test.TestNgBasics" name="googleTitleTest" time="0.001"/>
  <system-out/>
</testsuite> <!-- com.test.TestNgBasics -->
